<?xml version="1.0" encoding="UTF-8"?>
<!-- Generated by org.testng.reporters.JUnitReportReporter -->
<testsuite skipped="0" hostname="DESKTOP-I6AMPCE" name="com.expedia.owntests.FlightsTabTest" tests="1" failures="0" timestamp="20 lip 2017 08:39:00 GMT" time="8.029" errors="0">
  <testcase name="test1" time="8.029" classname="com.expedia.owntests.FlightsTabTest"/>
</testsuite> <!-- com.expedia.owntests.FlightsTabTest -->
