<?xml version="1.0" encoding="UTF-8"?>
<!-- Generated by org.testng.reporters.JUnitReportReporter -->
<testsuite skipped="0" hostname="DESKTOP-I6AMPCE" name="test.FlightsBookmark" tests="3" failures="0" timestamp="21 lip 2017 16:49:49 GMT" time="60.166" errors="0">
  <testcase name="RoundtripTest" time="18.230" classname="test.FlightsBookmark"/>
  <testcase name="oneWayTest" time="16.684" classname="test.FlightsBookmark"/>
  <testcase name="multicityTest" time="25.252" classname="test.FlightsBookmark"/>
</testsuite> <!-- test.FlightsBookmark -->
