<?xml version="1.0" encoding="UTF-8"?>
<!-- Generated by org.testng.reporters.JUnitReportReporter -->
<testsuite skipped="0" hostname="DESKTOP-I6AMPCE" name="com.expedia.owntests.FlightsBookmark" tests="2" failures="0" timestamp="20 lip 2017 15:48:17 GMT" time="44.105" errors="0">
  <testcase name="oneWayTest" time="19.629" classname="com.expedia.owntests.FlightsBookmark"/>
  <testcase name="RoundtripTest" time="24.476" classname="com.expedia.owntests.FlightsBookmark"/>
</testsuite> <!-- com.expedia.owntests.FlightsBookmark -->
